Using pre-set license
Built from '2021.3/staging' branch; Version is '2021.3.22f1 (b6c551784ba3) revision 11978065'; Using compiler version '192829333'; Build Type 'Release'
OS: 'Windows 11  (10.0.22631) 64bit Core' Language: 'ja' Physical Memory: 32509 MB
BatchMode: 1, IsHumanControllingUs: 0, StartBugReporterOnCrash: 0, Is64bit: 1, IsPro: 1

COMMAND LINE ARGUMENTS:
C:\Program Files\Unity\Hub\Editor\2021.3.22f1\Editor\Unity.exe
-adb2
-batchMode
-noUpm
-name
AssetImportWorker9
-projectPath
C:/UnityWork2024/TheChaimRings
-logFile
Logs/AssetImportWorker9.log
-srvPort
59740
Successfully changed project path to: C:/UnityWork2024/TheChaimRings
C:/UnityWork2024/TheChaimRings
[UnityMemory] Configuration Parameters - Can be set up in boot.config
    "memorysetup-bucket-allocator-granularity=16"
    "memorysetup-bucket-allocator-bucket-count=8"
    "memorysetup-bucket-allocator-block-size=33554432"
    "memorysetup-bucket-allocator-block-count=8"
    "memorysetup-main-allocator-block-size=16777216"
    "memorysetup-thread-allocator-block-size=16777216"
    "memorysetup-gfx-main-allocator-block-size=16777216"
    "memorysetup-gfx-thread-allocator-block-size=16777216"
    "memorysetup-cache-allocator-block-size=4194304"
    "memorysetup-typetree-allocator-block-size=2097152"
    "memorysetup-profiler-bucket-allocator-granularity=16"
    "memorysetup-profiler-bucket-allocator-bucket-count=8"
    "memorysetup-profiler-bucket-allocator-block-size=33554432"
    "memorysetup-profiler-bucket-allocator-block-count=8"
    "memorysetup-profiler-allocator-block-size=16777216"
    "memorysetup-profiler-editor-allocator-block-size=1048576"
    "memorysetup-temp-allocator-size-main=16777216"
    "memorysetup-job-temp-allocator-block-size=2097152"
    "memorysetup-job-temp-allocator-block-size-background=1048576"
    "memorysetup-job-temp-allocator-reduction-small-platforms=262144"
    "memorysetup-temp-allocator-size-background-worker=32768"
    "memorysetup-temp-allocator-size-job-worker=262144"
    "memorysetup-temp-allocator-size-preload-manager=33554432"
    "memorysetup-temp-allocator-size-nav-mesh-worker=65536"
    "memorysetup-temp-allocator-size-audio-worker=65536"
    "memorysetup-temp-allocator-size-cloud-worker=32768"
    "memorysetup-temp-allocator-size-gi-baking-worker=262144"
    "memorysetup-temp-allocator-size-gfx=262144"
Player connection [29144] Host "[IP] 172.19.192.1 [Port] 0 [Flags] 2 [Guid] 3926444318 [EditorId] 3926444318 [Version] 1048832 [Id] WindowsEditor(7,DESKTOP-GGBBF12) [Debug] 1 [PackageName] WindowsEditor [ProjectName] Editor" joined multi-casting on [225.0.0.222:54997]...

Player connection [29144] Host "[IP] 172.19.192.1 [Port] 0 [Flags] 2 [Guid] 3926444318 [EditorId] 3926444318 [Version] 1048832 [Id] WindowsEditor(7,DESKTOP-GGBBF12) [Debug] 1 [PackageName] WindowsEditor [ProjectName] Editor" joined alternative multi-casting on [225.0.0.222:34997]...

Refreshing native plugins compatible for Editor in 205.48 ms, found 3 plugins.
Preloading 0 native plugins for Editor in 0.00 ms.
Initialize engine version: 2021.3.22f1 (b6c551784ba3)
[Subsystems] Discovering subsystems at path C:/Program Files/Unity/Hub/Editor/2021.3.22f1/Editor/Data/Resources/UnitySubsystems
[Subsystems] Discovering subsystems at path C:/UnityWork2024/TheChaimRings/Assets
GfxDevice: creating device client; threaded=0; jobified=0
Direct3D:
    Version:  Direct3D 11.0 [level 11.1]
    Renderer: NVIDIA GeForce RTX 3050 Ti Laptop GPU (ID=0x25a0)
    Vendor:   NVIDIA
    VRAM:     3993 MB
    Driver:   30.0.15.1289
Initialize mono
Mono path[0] = 'C:/Program Files/Unity/Hub/Editor/2021.3.22f1/Editor/Data/Managed'
Mono path[1] = 'C:/Program Files/Unity/Hub/Editor/2021.3.22f1/Editor/Data/MonoBleedingEdge/lib/mono/unityjit-win32'
Mono config path = 'C:/Program Files/Unity/Hub/Editor/2021.3.22f1/Editor/Data/MonoBleedingEdge/etc'
Using monoOptions --debugger-agent=transport=dt_socket,embedding=1,server=y,suspend=n,address=127.0.0.1:56952
Begin MonoManager ReloadAssembly
Registering precompiled unity dll's ...
Register platform support module: C:/Program Files/Unity/Hub/Editor/2021.3.22f1/Editor/Data/PlaybackEngines/WebGLSupport/UnityEditor.WebGL.Extensions.dll
Register platform support module: C:/Program Files/Unity/Hub/Editor/2021.3.22f1/Editor/Data/PlaybackEngines/WindowsStandaloneSupport/UnityEditor.WindowsStandalone.Extensions.dll
Registered in 0.009842 seconds.
Native extension for WindowsStandalone target not found
Native extension for WebGL target not found
Refreshing native plugins compatible for Editor in 195.02 ms, found 3 plugins.
Preloading 0 native plugins for Editor in 0.00 ms.
Mono: successfully reloaded assembly
- Completed reload, in  1.023 seconds
Domain Reload Profiling:
	ReloadAssembly (1024ms)
		BeginReloadAssembly (111ms)
			ExecutionOrderSort (0ms)
			DisableScriptedObjects (0ms)
			BackupInstance (0ms)
			ReleaseScriptingObjects (0ms)
			CreateAndSetChildDomain (2ms)
		EndReloadAssembly (789ms)
			LoadAssemblies (109ms)
			RebuildTransferFunctionScriptingTraits (0ms)
			SetupTypeCache (210ms)
			ReleaseScriptCaches (0ms)
			RebuildScriptCaches (35ms)
			SetupLoadedEditorAssemblies (461ms)
				LogAssemblyErrors (0ms)
				InitializePlatformSupportModulesInManaged (15ms)
				SetLoadedEditorAssemblies (0ms)
				RefreshPlugins (195ms)
				BeforeProcessingInitializeOnLoad (2ms)
				ProcessInitializeOnLoadAttributes (181ms)
				ProcessInitializeOnLoadMethodAttributes (68ms)
				AfterProcessingInitializeOnLoad (0ms)
				EditorAssembliesLoaded (0ms)
			ExecutionOrderSort2 (0ms)
			AwakeInstancesAfterBackupRestoration (0ms)
Platform modules already initialized, skipping
Registering precompiled user dll's ...
Registered in 0.010596 seconds.
Begin MonoManager ReloadAssembly
Symbol file LoadedFromMemory doesn't match image C:\UnityWork2024\TheChaimRings\Library\PackageCache\com.unity.visualscripting@1.8.0\Editor\VisualScripting.Core\Dependencies\YamlDotNet\Unity.VisualScripting.YamlDotNet.dll
Symbol file LoadedFromMemory doesn't match image C:\UnityWork2024\TheChaimRings\Library\PackageCache\com.unity.visualscripting@1.8.0\Editor\VisualScripting.Core\Dependencies\DotNetZip\Unity.VisualScripting.IonicZip.dll
Native extension for WindowsStandalone target not found
Native extension for WebGL target not found
Refreshing native plugins compatible for Editor in 217.83 ms, found 3 plugins.
Preloading 0 native plugins for Editor in 0.00 ms.
Mono: successfully reloaded assembly
- Completed reload, in  2.338 seconds
Domain Reload Profiling:
	ReloadAssembly (2339ms)
		BeginReloadAssembly (151ms)
			ExecutionOrderSort (0ms)
			DisableScriptedObjects (7ms)
			BackupInstance (0ms)
			ReleaseScriptingObjects (0ms)
			CreateAndSetChildDomain (23ms)
		EndReloadAssembly (2047ms)
			LoadAssemblies (176ms)
			RebuildTransferFunctionScriptingTraits (0ms)
			SetupTypeCache (781ms)
			ReleaseScriptCaches (1ms)
			RebuildScriptCaches (107ms)
			SetupLoadedEditorAssemblies (932ms)
				LogAssemblyErrors (0ms)
				InitializePlatformSupportModulesInManaged (6ms)
				SetLoadedEditorAssemblies (0ms)
				RefreshPlugins (218ms)
				BeforeProcessingInitializeOnLoad (134ms)
				ProcessInitializeOnLoadAttributes (356ms)
				ProcessInitializeOnLoadMethodAttributes (210ms)
				AfterProcessingInitializeOnLoad (7ms)
				EditorAssembliesLoaded (0ms)
			ExecutionOrderSort2 (0ms)
			AwakeInstancesAfterBackupRestoration (5ms)
Platform modules already initialized, skipping
========================================================================
Worker process is ready to serve import requests
Launched and connected shader compiler UnityShaderCompiler.exe after 0.08 seconds
Refreshing native plugins compatible for Editor in 1.30 ms, found 3 plugins.
Preloading 0 native plugins for Editor in 0.00 ms.
Unloading 7070 Unused Serialized files (Serialized files now loaded: 0)
Unloading 69 unused Assets / (4.3 MB). Loaded Objects now: 7528.
Memory consumption went from 330.6 MB to 326.3 MB.
Total: 5.973000 ms (FindLiveObjects: 0.515700 ms CreateObjectMapping: 0.311000 ms MarkObjects: 4.275700 ms  DeleteObjects: 0.869400 ms)

AssetImportParameters requested are different than current active one (requested -> active):
  custom:video-decoder-ogg-theora: a1e56fd34408186e4bbccfd4996cb3dc -> 
  custom:container-muxer-webm: aa71ff27fc2769a1b78a27578f13a17b -> 
  custom:container-demuxer-webm: 4f35f7cbe854078d1ac9338744f61a02 -> 
  custom:video-encoder-webm-vp8: eb34c28f22e8b96e1ab97ce403110664 -> 
  custom:video-codec-MediaFoundation-h265: 746d11721c4dcdbdad8f713fa42b33f4 -> 
  custom:audio-encoder-webm-vorbis: bf7c407c2cedff20999df2af8eb42d56 -> 
  custom:framework-win-MediaFoundation: 216162199b28c13a410421893ffa2e32 -> 
  custom:container-demuxer-ogg: 62fdf1f143b41e24485cea50d1cbac27 -> 
  custom:video-decoder-webm-vp8: 9c59270c3fd7afecdb556c50c9e8de78 -> 
  custom:audio-decoder-ogg-vorbis: bf7c407c2cedff20999df2af8eb42d56 -> 
========================================================================
Received Import Request.
  Time since last request: 1238950.296529 seconds.
  path: Assets/JP_School corridor_V2/Meshes/Materials/corridor_firedoor01_1_MaskMap.png
  artifactKey: Guid(e2f1c469190961e438016d1e6659b25b) Importer(815301076,1909f56bfc062723c751e8b465ee728b)
Start importing Assets/JP_School corridor_V2/Meshes/Materials/corridor_firedoor01_1_MaskMap.png using Guid(e2f1c469190961e438016d1e6659b25b) Importer(815301076,1909f56bfc062723c751e8b465ee728b)  -> (artifact id: '84d3796ad8177054ab1acf57a8c5dd88') in 0.092086 seconds 
========================================================================
Received Import Request.
  Time since last request: 0.000046 seconds.
  path: Assets/Scenes/0519_FPSTest/VolumeProfileAsset.png
  artifactKey: Guid(5e4830b71290a454c8dc080f1a438cbc) Importer(815301076,1909f56bfc062723c751e8b465ee728b)
Start importing Assets/Scenes/0519_FPSTest/VolumeProfileAsset.png using Guid(5e4830b71290a454c8dc080f1a438cbc) Importer(815301076,1909f56bfc062723c751e8b465ee728b)  -> (artifact id: '413cdeb74e966531876a6a80c692a86b') in 0.013631 seconds 
========================================================================
Received Import Request.
  Time since last request: 0.000029 seconds.
  path: Assets/Scenes/0521_EndlessTest/SkyandFogSettingsProfile.asset
  artifactKey: Guid(1704d7f2b43cbd046ae41c8ea27ccf28) Importer(815301076,1909f56bfc062723c751e8b465ee728b)
Start importing Assets/Scenes/0521_EndlessTest/SkyandFogSettingsProfile.asset using Guid(1704d7f2b43cbd046ae41c8ea27ccf28) Importer(815301076,1909f56bfc062723c751e8b465ee728b)  -> (artifact id: '76c948db808c01416f29eaba528afc28') in 0.013664 seconds 
========================================================================
Received Import Request.
  Time since last request: 0.000029 seconds.
  path: Assets/JP_School corridor_V2/Meshes/Materials/fire-extinguisher01_1_MaskMap.png
  artifactKey: Guid(a76f57c94f992c144b3fc4755b33ae32) Importer(815301076,1909f56bfc062723c751e8b465ee728b)
Start importing Assets/JP_School corridor_V2/Meshes/Materials/fire-extinguisher01_1_MaskMap.png using Guid(a76f57c94f992c144b3fc4755b33ae32) Importer(815301076,1909f56bfc062723c751e8b465ee728b)  -> (artifact id: 'ffa0e14d1b3145fc4378dedb2bcb39a5') in 0.018994 seconds 
========================================================================
Received Import Request.
  Time since last request: 0.000043 seconds.
  path: Assets/JP_School corridor_V2/Textures/fire-extinguisher01_NRM.png
  artifactKey: Guid(d8220c5078647de48ac1e4535b713a49) Importer(815301076,1909f56bfc062723c751e8b465ee728b)
Start importing Assets/JP_School corridor_V2/Textures/fire-extinguisher01_NRM.png using Guid(d8220c5078647de48ac1e4535b713a49) Importer(815301076,1909f56bfc062723c751e8b465ee728b)  -> (artifact id: 'b2553e6bf36fe9207febd82beca5a4e2') in 0.047341 seconds 
========================================================================
Received Import Request.
  Time since last request: 0.000025 seconds.
  path: Assets/JP_School corridor_V2/Textures/fireplug01_ILM.png
  artifactKey: Guid(fba9d4d09c35ac64083f35bf8524594f) Importer(815301076,1909f56bfc062723c751e8b465ee728b)
Start importing Assets/JP_School corridor_V2/Textures/fireplug01_ILM.png using Guid(fba9d4d09c35ac64083f35bf8524594f) Importer(815301076,1909f56bfc062723c751e8b465ee728b)  -> (artifact id: '9204a389d40c7bbad2e7699167f947c9') in 0.019375 seconds 
========================================================================
Received Import Request.
  Time since last request: 0.000026 seconds.
  path: Assets/JP_School corridor_V2/Meshes/firedoor_B2.fbx
  artifactKey: Guid(08461e3bd16c515438f0f0c15963091b) Importer(815301076,1909f56bfc062723c751e8b465ee728b)
Start importing Assets/JP_School corridor_V2/Meshes/firedoor_B2.fbx using Guid(08461e3bd16c515438f0f0c15963091b) Importer(815301076,1909f56bfc062723c751e8b465ee728b)  -> (artifact id: '66fcf4bf2b9d6665f6a2ea0bca43356e') in 1.085782 seconds 
========================================================================
Received Import Request.
  Time since last request: 0.000041 seconds.
  path: Assets/JP_School corridor_V2/Textures/fireplug01_MTL.tga
  artifactKey: Guid(f59b5099d269a5247b28f9c396308486) Importer(815301076,1909f56bfc062723c751e8b465ee728b)
Start importing Assets/JP_School corridor_V2/Textures/fireplug01_MTL.tga using Guid(f59b5099d269a5247b28f9c396308486) Importer(815301076,1909f56bfc062723c751e8b465ee728b)  -> (artifact id: '04be2d6a6180c6ee33ef40da912f31f6') in 0.021216 seconds 
========================================================================
Received Import Request.
  Time since last request: 0.000132 seconds.
  path: Assets/JP_School corridor_V2/Meshes/Materials/fireplug01_ILM_MaskMap.png
  artifactKey: Guid(b0cf7bd457f012642b3a4fa1e853bdc5) Importer(815301076,1909f56bfc062723c751e8b465ee728b)
Start importing Assets/JP_School corridor_V2/Meshes/Materials/fireplug01_ILM_MaskMap.png using Guid(b0cf7bd457f012642b3a4fa1e853bdc5) Importer(815301076,1909f56bfc062723c751e8b465ee728b)  -> (artifact id: '4dce87c3235a77ae949ce74ca51f63ff') in 0.016328 seconds 
========================================================================
Received Import Request.
  Time since last request: 0.000058 seconds.
  path: Assets/JP_School corridor_V2/Textures/corridor_firedoor01_MTL.tga
  artifactKey: Guid(7ff236952ce2cf24eaa1015c63c3f31f) Importer(815301076,1909f56bfc062723c751e8b465ee728b)
Start importing Assets/JP_School corridor_V2/Textures/corridor_firedoor01_MTL.tga using Guid(7ff236952ce2cf24eaa1015c63c3f31f) Importer(815301076,1909f56bfc062723c751e8b465ee728b)  -> (artifact id: 'afb743c2392f9c09fb2f99b557922d73') in 0.020425 seconds 
========================================================================
Received Import Request.
  Time since last request: 0.000037 seconds.
  path: Assets/JP_School corridor_V2/Meshes/firedoor_B1.fbx
  artifactKey: Guid(20a5c3fea0c30f541b38008c6bc2d741) Importer(815301076,1909f56bfc062723c751e8b465ee728b)
Start importing Assets/JP_School corridor_V2/Meshes/firedoor_B1.fbx using Guid(20a5c3fea0c30f541b38008c6bc2d741) Importer(815301076,1909f56bfc062723c751e8b465ee728b)  -> (artifact id: '17d76af724eb95a3c0b85f7aaba6f12f') in 0.051186 seconds 
========================================================================
Received Import Request.
  Time since last request: 0.000037 seconds.
  path: Assets/JP_School corridor_V2/Meshes/fireplug01_pipe.fbx
  artifactKey: Guid(474ed6b21526e2747977f9eb5fb21f7d) Importer(815301076,1909f56bfc062723c751e8b465ee728b)
Start importing Assets/JP_School corridor_V2/Meshes/fireplug01_pipe.fbx using Guid(474ed6b21526e2747977f9eb5fb21f7d) Importer(815301076,1909f56bfc062723c751e8b465ee728b)  -> (artifact id: '7912fbddaeb94815229383bc720bd115') in 0.044843 seconds 
========================================================================
Received Import Request.
  Time since last request: 0.000051 seconds.
  path: Assets/JP_School corridor_V2/Textures/fireplug01_1.png
  artifactKey: Guid(ff9dad644f1dd4e4da2aef20df0cf36f) Importer(815301076,1909f56bfc062723c751e8b465ee728b)
Start importing Assets/JP_School corridor_V2/Textures/fireplug01_1.png using Guid(ff9dad644f1dd4e4da2aef20df0cf36f) Importer(815301076,1909f56bfc062723c751e8b465ee728b)  -> (artifact id: '0467e7c4fcd71a7a51c557831fbca4fa') in 0.019359 seconds 
========================================================================
Received Import Request.
  Time since last request: 0.000044 seconds.
  path: Assets/Scenes/0519_FPSTest/SkyandFogSettingsProfile.asset
  artifactKey: Guid(e8bbcc6b6baeee849b32cb0bf1007193) Importer(815301076,1909f56bfc062723c751e8b465ee728b)
Start importing Assets/Scenes/0519_FPSTest/SkyandFogSettingsProfile.asset using Guid(e8bbcc6b6baeee849b32cb0bf1007193) Importer(815301076,1909f56bfc062723c751e8b465ee728b)  -> (artifact id: 'ae686311df3a79c42971ca8af9052ad3') in 0.011530 seconds 
========================================================================
Received Import Request.
  Time since last request: 0.000063 seconds.
  path: Assets/JP_School corridor_V2/Textures/fireplug01_NRM.png
  artifactKey: Guid(c49571169e533c148a7bf401f9d008f6) Importer(815301076,1909f56bfc062723c751e8b465ee728b)
Start importing Assets/JP_School corridor_V2/Textures/fireplug01_NRM.png using Guid(c49571169e533c148a7bf401f9d008f6) Importer(815301076,1909f56bfc062723c751e8b465ee728b)  -> (artifact id: '5a01ceda8b4e4ef3ed7757ae84540069') in 0.090920 seconds 
Editor requested this worker to shutdown with reason: Scaling down because of idle timeout
AssetImportWorker is now disconnected from the server
Process exiting
Exiting without the bug reporter. Application will terminate with return code 0