Using pre-set license
Built from '2021.3/staging' branch; Version is '2021.3.22f1 (b6c551784ba3) revision 11978065'; Using compiler version '192829333'; Build Type 'Release'
OS: 'Windows 11  (10.0.22631) 64bit Core' Language: 'ja' Physical Memory: 32509 MB
BatchMode: 1, IsHumanControllingUs: 0, StartBugReporterOnCrash: 0, Is64bit: 1, IsPro: 1

COMMAND LINE ARGUMENTS:
C:\Program Files\Unity\Hub\Editor\2021.3.22f1\Editor\Unity.exe
-adb2
-batchMode
-noUpm
-name
AssetImportWorker8
-projectPath
C:/UnityWork2024/TheChaimRings
-logFile
Logs/AssetImportWorker8.log
-srvPort
59740
Successfully changed project path to: C:/UnityWork2024/TheChaimRings
C:/UnityWork2024/TheChaimRings
[UnityMemory] Configuration Parameters - Can be set up in boot.config
    "memorysetup-bucket-allocator-granularity=16"
    "memorysetup-bucket-allocator-bucket-count=8"
    "memorysetup-bucket-allocator-block-size=33554432"
    "memorysetup-bucket-allocator-block-count=8"
    "memorysetup-main-allocator-block-size=16777216"
    "memorysetup-thread-allocator-block-size=16777216"
    "memorysetup-gfx-main-allocator-block-size=16777216"
    "memorysetup-gfx-thread-allocator-block-size=16777216"
    "memorysetup-cache-allocator-block-size=4194304"
    "memorysetup-typetree-allocator-block-size=2097152"
    "memorysetup-profiler-bucket-allocator-granularity=16"
    "memorysetup-profiler-bucket-allocator-bucket-count=8"
    "memorysetup-profiler-bucket-allocator-block-size=33554432"
    "memorysetup-profiler-bucket-allocator-block-count=8"
    "memorysetup-profiler-allocator-block-size=16777216"
    "memorysetup-profiler-editor-allocator-block-size=1048576"
    "memorysetup-temp-allocator-size-main=16777216"
    "memorysetup-job-temp-allocator-block-size=2097152"
    "memorysetup-job-temp-allocator-block-size-background=1048576"
    "memorysetup-job-temp-allocator-reduction-small-platforms=262144"
    "memorysetup-temp-allocator-size-background-worker=32768"
    "memorysetup-temp-allocator-size-job-worker=262144"
    "memorysetup-temp-allocator-size-preload-manager=33554432"
    "memorysetup-temp-allocator-size-nav-mesh-worker=65536"
    "memorysetup-temp-allocator-size-audio-worker=65536"
    "memorysetup-temp-allocator-size-cloud-worker=32768"
    "memorysetup-temp-allocator-size-gi-baking-worker=262144"
    "memorysetup-temp-allocator-size-gfx=262144"
Player connection [20040] Host "[IP] 172.19.192.1 [Port] 0 [Flags] 2 [Guid] 270383792 [EditorId] 270383792 [Version] 1048832 [Id] WindowsEditor(7,DESKTOP-GGBBF12) [Debug] 1 [PackageName] WindowsEditor [ProjectName] Editor" joined multi-casting on [225.0.0.222:54997]...

Player connection [20040] Host "[IP] 172.19.192.1 [Port] 0 [Flags] 2 [Guid] 270383792 [EditorId] 270383792 [Version] 1048832 [Id] WindowsEditor(7,DESKTOP-GGBBF12) [Debug] 1 [PackageName] WindowsEditor [ProjectName] Editor" joined alternative multi-casting on [225.0.0.222:34997]...

Refreshing native plugins compatible for Editor in 221.50 ms, found 3 plugins.
Preloading 0 native plugins for Editor in 0.00 ms.
Initialize engine version: 2021.3.22f1 (b6c551784ba3)
[Subsystems] Discovering subsystems at path C:/Program Files/Unity/Hub/Editor/2021.3.22f1/Editor/Data/Resources/UnitySubsystems
[Subsystems] Discovering subsystems at path C:/UnityWork2024/TheChaimRings/Assets
GfxDevice: creating device client; threaded=0; jobified=0
Direct3D:
    Version:  Direct3D 11.0 [level 11.1]
    Renderer: NVIDIA GeForce RTX 3050 Ti Laptop GPU (ID=0x25a0)
    Vendor:   NVIDIA
    VRAM:     3993 MB
    Driver:   30.0.15.1289
Initialize mono
Mono path[0] = 'C:/Program Files/Unity/Hub/Editor/2021.3.22f1/Editor/Data/Managed'
Mono path[1] = 'C:/Program Files/Unity/Hub/Editor/2021.3.22f1/Editor/Data/MonoBleedingEdge/lib/mono/unityjit-win32'
Mono config path = 'C:/Program Files/Unity/Hub/Editor/2021.3.22f1/Editor/Data/MonoBleedingEdge/etc'
Using monoOptions --debugger-agent=transport=dt_socket,embedding=1,server=y,suspend=n,address=127.0.0.1:56376
Begin MonoManager ReloadAssembly
Registering precompiled unity dll's ...
Register platform support module: C:/Program Files/Unity/Hub/Editor/2021.3.22f1/Editor/Data/PlaybackEngines/WebGLSupport/UnityEditor.WebGL.Extensions.dll
Register platform support module: C:/Program Files/Unity/Hub/Editor/2021.3.22f1/Editor/Data/PlaybackEngines/WindowsStandaloneSupport/UnityEditor.WindowsStandalone.Extensions.dll
Registered in 0.009425 seconds.
Native extension for WindowsStandalone target not found
Native extension for WebGL target not found
Refreshing native plugins compatible for Editor in 195.70 ms, found 3 plugins.
Preloading 0 native plugins for Editor in 0.00 ms.
Mono: successfully reloaded assembly
- Completed reload, in  1.019 seconds
Domain Reload Profiling:
	ReloadAssembly (1020ms)
		BeginReloadAssembly (108ms)
			ExecutionOrderSort (0ms)
			DisableScriptedObjects (0ms)
			BackupInstance (0ms)
			ReleaseScriptingObjects (0ms)
			CreateAndSetChildDomain (1ms)
		EndReloadAssembly (782ms)
			LoadAssemblies (106ms)
			RebuildTransferFunctionScriptingTraits (0ms)
			SetupTypeCache (207ms)
			ReleaseScriptCaches (0ms)
			RebuildScriptCaches (35ms)
			SetupLoadedEditorAssemblies (459ms)
				LogAssemblyErrors (0ms)
				InitializePlatformSupportModulesInManaged (14ms)
				SetLoadedEditorAssemblies (0ms)
				RefreshPlugins (196ms)
				BeforeProcessingInitializeOnLoad (2ms)
				ProcessInitializeOnLoadAttributes (183ms)
				ProcessInitializeOnLoadMethodAttributes (64ms)
				AfterProcessingInitializeOnLoad (0ms)
				EditorAssembliesLoaded (0ms)
			ExecutionOrderSort2 (0ms)
			AwakeInstancesAfterBackupRestoration (0ms)
Platform modules already initialized, skipping
Registering precompiled user dll's ...
Registered in 0.011255 seconds.
Begin MonoManager ReloadAssembly
Symbol file LoadedFromMemory doesn't match image C:\UnityWork2024\TheChaimRings\Library\PackageCache\com.unity.visualscripting@1.8.0\Editor\VisualScripting.Core\Dependencies\YamlDotNet\Unity.VisualScripting.YamlDotNet.dll
Symbol file LoadedFromMemory doesn't match image C:\UnityWork2024\TheChaimRings\Library\PackageCache\com.unity.visualscripting@1.8.0\Editor\VisualScripting.Core\Dependencies\DotNetZip\Unity.VisualScripting.IonicZip.dll
Native extension for WindowsStandalone target not found
Native extension for WebGL target not found
Refreshing native plugins compatible for Editor in 217.79 ms, found 3 plugins.
Preloading 0 native plugins for Editor in 0.00 ms.
Mono: successfully reloaded assembly
- Completed reload, in  2.342 seconds
Domain Reload Profiling:
	ReloadAssembly (2343ms)
		BeginReloadAssembly (155ms)
			ExecutionOrderSort (0ms)
			DisableScriptedObjects (7ms)
			BackupInstance (0ms)
			ReleaseScriptingObjects (0ms)
			CreateAndSetChildDomain (24ms)
		EndReloadAssembly (2050ms)
			LoadAssemblies (180ms)
			RebuildTransferFunctionScriptingTraits (0ms)
			SetupTypeCache (785ms)
			ReleaseScriptCaches (1ms)
			RebuildScriptCaches (106ms)
			SetupLoadedEditorAssemblies (931ms)
				LogAssemblyErrors (0ms)
				InitializePlatformSupportModulesInManaged (6ms)
				SetLoadedEditorAssemblies (0ms)
				RefreshPlugins (218ms)
				BeforeProcessingInitializeOnLoad (132ms)
				ProcessInitializeOnLoadAttributes (359ms)
				ProcessInitializeOnLoadMethodAttributes (208ms)
				AfterProcessingInitializeOnLoad (7ms)
				EditorAssembliesLoaded (0ms)
			ExecutionOrderSort2 (0ms)
			AwakeInstancesAfterBackupRestoration (5ms)
Platform modules already initialized, skipping
========================================================================
Worker process is ready to serve import requests
Launched and connected shader compiler UnityShaderCompiler.exe after 0.07 seconds
Refreshing native plugins compatible for Editor in 1.07 ms, found 3 plugins.
Preloading 0 native plugins for Editor in 0.00 ms.
Unloading 7070 Unused Serialized files (Serialized files now loaded: 0)
Unloading 69 unused Assets / (4.3 MB). Loaded Objects now: 7528.
Memory consumption went from 330.6 MB to 326.3 MB.
Total: 6.287000 ms (FindLiveObjects: 0.439600 ms CreateObjectMapping: 0.256700 ms MarkObjects: 4.785100 ms  DeleteObjects: 0.803800 ms)

AssetImportParameters requested are different than current active one (requested -> active):
  custom:video-decoder-ogg-theora: a1e56fd34408186e4bbccfd4996cb3dc -> 
  custom:container-muxer-webm: aa71ff27fc2769a1b78a27578f13a17b -> 
  custom:container-demuxer-webm: 4f35f7cbe854078d1ac9338744f61a02 -> 
  custom:video-encoder-webm-vp8: eb34c28f22e8b96e1ab97ce403110664 -> 
  custom:video-codec-MediaFoundation-h265: 746d11721c4dcdbdad8f713fa42b33f4 -> 
  custom:audio-encoder-webm-vorbis: bf7c407c2cedff20999df2af8eb42d56 -> 
  custom:framework-win-MediaFoundation: 216162199b28c13a410421893ffa2e32 -> 
  custom:container-demuxer-ogg: 62fdf1f143b41e24485cea50d1cbac27 -> 
  custom:video-decoder-webm-vp8: 9c59270c3fd7afecdb556c50c9e8de78 -> 
  custom:audio-decoder-ogg-vorbis: bf7c407c2cedff20999df2af8eb42d56 -> 
========================================================================
Received Import Request.
  Time since last request: 1238806.067484 seconds.
  path: Assets/Script/Player.cs
  artifactKey: Guid(ba9decb15aa92af4b9bcaaf33ac586ba) Importer(815301076,1909f56bfc062723c751e8b465ee728b)
Start importing Assets/Script/Player.cs using Guid(ba9decb15aa92af4b9bcaaf33ac586ba) Importer(815301076,1909f56bfc062723c751e8b465ee728b)  -> (artifact id: '54ab4b31824ad012d7c7f8fbd4a842ad') in 0.044371 seconds 
========================================================================
Received Import Request.
  Time since last request: 144.169119 seconds.
  path: Assets/JP_School corridor_V2/Textures/corridor_firedoor01_1.png
  artifactKey: Guid(734f9b518c8c60c4fb8cab467173f827) Importer(815301076,1909f56bfc062723c751e8b465ee728b)
Start importing Assets/JP_School corridor_V2/Textures/corridor_firedoor01_1.png using Guid(734f9b518c8c60c4fb8cab467173f827) Importer(815301076,1909f56bfc062723c751e8b465ee728b)  -> (artifact id: 'b150fd45d655222a78cd127048b28927') in 0.058555 seconds 
========================================================================
Received Import Request.
  Time since last request: 0.000032 seconds.
  path: Assets/JP_School corridor_V2/Textures/corridor_firedoor01_NRM.png
  artifactKey: Guid(5459b6dfba4ca244fa8f53e9787367ce) Importer(815301076,1909f56bfc062723c751e8b465ee728b)
Start importing Assets/JP_School corridor_V2/Textures/corridor_firedoor01_NRM.png using Guid(5459b6dfba4ca244fa8f53e9787367ce) Importer(815301076,1909f56bfc062723c751e8b465ee728b)  -> (artifact id: '249fcb79aaa2d352f4b9cacd290ff49d') in 0.051589 seconds 
========================================================================
Received Import Request.
  Time since last request: 0.000031 seconds.
  path: Assets/JP_School corridor_V2/Meshes/fire-extinguisher01_2.fbx
  artifactKey: Guid(5d87b311c5177614b9fe19e409a0229f) Importer(815301076,1909f56bfc062723c751e8b465ee728b)
Start importing Assets/JP_School corridor_V2/Meshes/fire-extinguisher01_2.fbx using Guid(5d87b311c5177614b9fe19e409a0229f) Importer(815301076,1909f56bfc062723c751e8b465ee728b)  -> (artifact id: '78479960d6875de4296f74ebcf80bb70') in 1.041048 seconds 
========================================================================
Received Import Request.
  Time since last request: 0.000052 seconds.
  path: Assets/JP_School corridor_V2/Meshes/firedoor_A.fbx
  artifactKey: Guid(78981e9d7ade13b47b7b137e2eb062d0) Importer(815301076,1909f56bfc062723c751e8b465ee728b)
Start importing Assets/JP_School corridor_V2/Meshes/firedoor_A.fbx using Guid(78981e9d7ade13b47b7b137e2eb062d0) Importer(815301076,1909f56bfc062723c751e8b465ee728b)  -> (artifact id: '8900cfef7db01a1127f82174f2c60af1') in 0.060079 seconds 
========================================================================
Received Import Request.
  Time since last request: 0.000048 seconds.
  path: Assets/JP_School corridor_V2/Meshes/Materials/fireplug01_1_MaskMap.png
  artifactKey: Guid(e5f4926ef03c63f4a81ad3159febcf90) Importer(815301076,1909f56bfc062723c751e8b465ee728b)
Start importing Assets/JP_School corridor_V2/Meshes/Materials/fireplug01_1_MaskMap.png using Guid(e5f4926ef03c63f4a81ad3159febcf90) Importer(815301076,1909f56bfc062723c751e8b465ee728b)  -> (artifact id: '0f82fa5dc9cc733e410025f60f85d05e') in 0.016837 seconds 
========================================================================
Received Import Request.
  Time since last request: 0.000043 seconds.
  path: Assets/JP_School corridor_V2/Textures/fire-extinguisher01_1.png
  artifactKey: Guid(29b55fee71a9c3f4987652e3f857acef) Importer(815301076,1909f56bfc062723c751e8b465ee728b)
Start importing Assets/JP_School corridor_V2/Textures/fire-extinguisher01_1.png using Guid(29b55fee71a9c3f4987652e3f857acef) Importer(815301076,1909f56bfc062723c751e8b465ee728b)  -> (artifact id: '5347819b78bedd435fedffaa268a557c') in 0.023615 seconds 
========================================================================
Received Import Request.
  Time since last request: 0.000055 seconds.
  path: Assets/JP_School corridor_V2/Meshes/fire-extinguisher01_3.fbx
  artifactKey: Guid(ee4dffd16c13d0342a08d98d0cc4fdca) Importer(815301076,1909f56bfc062723c751e8b465ee728b)
Start importing Assets/JP_School corridor_V2/Meshes/fire-extinguisher01_3.fbx using Guid(ee4dffd16c13d0342a08d98d0cc4fdca) Importer(815301076,1909f56bfc062723c751e8b465ee728b)  -> (artifact id: 'ea703eab1815f6bd6ba2b1d4f0da86cf') in 0.042932 seconds 
========================================================================
Received Import Request.
  Time since last request: 0.000055 seconds.
  path: Assets/JP_School corridor_V2/Meshes/fireplug01_alarm.fbx
  artifactKey: Guid(66e72d949abea9f4a83e82fdfb429c3d) Importer(815301076,1909f56bfc062723c751e8b465ee728b)
Start importing Assets/JP_School corridor_V2/Meshes/fireplug01_alarm.fbx using Guid(66e72d949abea9f4a83e82fdfb429c3d) Importer(815301076,1909f56bfc062723c751e8b465ee728b)  -> (artifact id: '171610f148e94e465ead26d95a35cd7b') in 0.039343 seconds 
========================================================================
Received Import Request.
  Time since last request: 0.000034 seconds.
  path: Assets/JP_School corridor_V2/Meshes/fire-extinguisher01_1.fbx
  artifactKey: Guid(a929eedf227cb374fb04af5f7b62becd) Importer(815301076,1909f56bfc062723c751e8b465ee728b)
Start importing Assets/JP_School corridor_V2/Meshes/fire-extinguisher01_1.fbx using Guid(a929eedf227cb374fb04af5f7b62becd) Importer(815301076,1909f56bfc062723c751e8b465ee728b)  -> (artifact id: 'de2a6bc924fc7411b3a887e5907d47bd') in 0.055901 seconds 
========================================================================
Received Import Request.
  Time since last request: 0.000039 seconds.
  path: Assets/JP_School corridor_V2/Meshes/fireplug01_box.fbx
  artifactKey: Guid(23e5915f58cfb0743a1063c72bcd5062) Importer(815301076,1909f56bfc062723c751e8b465ee728b)
Start importing Assets/JP_School corridor_V2/Meshes/fireplug01_box.fbx using Guid(23e5915f58cfb0743a1063c72bcd5062) Importer(815301076,1909f56bfc062723c751e8b465ee728b)  -> (artifact id: 'd45684878628dacf451b626491dc8382') in 0.033444 seconds 
========================================================================
Received Import Request.
  Time since last request: 0.000049 seconds.
  path: Assets/Scenes/0521_EndlessTest/VolumeProfileAsset.png
  artifactKey: Guid(36e377ec728c18842915913d8cc7484a) Importer(815301076,1909f56bfc062723c751e8b465ee728b)
Start importing Assets/Scenes/0521_EndlessTest/VolumeProfileAsset.png using Guid(36e377ec728c18842915913d8cc7484a) Importer(815301076,1909f56bfc062723c751e8b465ee728b)  -> (artifact id: 'bff79b49870e084bdee38a579ff7acc8') in 0.014936 seconds 
========================================================================
Received Import Request.
  Time since last request: 0.000057 seconds.
  path: Assets/SampleSceneAssets/Settings/Volumes/ScreenshotsTimelineProfile.asset
  artifactKey: Guid(03bc34b71695890468eb021c73b228db) Importer(815301076,1909f56bfc062723c751e8b465ee728b)
Start importing Assets/SampleSceneAssets/Settings/Volumes/ScreenshotsTimelineProfile.asset using Guid(03bc34b71695890468eb021c73b228db) Importer(815301076,1909f56bfc062723c751e8b465ee728b)  -> (artifact id: '0e0bda7941282947c36ab18deff36244') in 0.016569 seconds 
========================================================================
Received Import Request.
  Time since last request: 0.000047 seconds.
  path: Assets/JP_School corridor_V2/Textures/fire-extinguisher01_MTL.tga
  artifactKey: Guid(0c00c3b847b843145bfcad0ec2739bb6) Importer(815301076,1909f56bfc062723c751e8b465ee728b)
Start importing Assets/JP_School corridor_V2/Textures/fire-extinguisher01_MTL.tga using Guid(0c00c3b847b843145bfcad0ec2739bb6) Importer(815301076,1909f56bfc062723c751e8b465ee728b)  -> (artifact id: '03ef2e8efbe724da054a607090713a0d') in 0.027831 seconds 
Editor requested this worker to shutdown with reason: Scaling down because of idle timeout
AssetImportWorker is now disconnected from the server
Process exiting
Exiting without the bug reporter. Application will terminate with return code 0